---- vis / ericw-tools v0.18.1-32-g6660c5f ----
running with 4 threads
testlevel = 4
LoadBSPFile: 'testWildebrook.bsp'
BSP is version 29
   635 leafs
  1995 portals
Calculating Base Vis:
0....1....2....3....4....5....6....7....8....9....
Calculating Full Vis:
0....1....2....3....4....5....6....7....8....9....
WARNING: Leaf portals saw into leaf (0)
WARNING: Leaf portals saw into leaf (5)
WARNING: Leaf portals saw into leaf (6)
WARNING: Leaf portals saw into leaf (7)
WARNING: Leaf portals saw into leaf (9)
WARNING: Leaf portals saw into leaf (10)
WARNING: Leaf portals saw into leaf (15)
WARNING: Leaf portals saw into leaf (18)
WARNING: Leaf portals saw into leaf (19)
WARNING: Leaf portals saw into leaf (20)
WARNING: Leaf portals saw into leaf (22)
WARNING: Leaf portals saw into leaf (28)
WARNING: Leaf portals saw into leaf (29)
WARNING: Leaf portals saw into leaf (31)
WARNING: Leaf portals saw into leaf (36)
WARNING: Leaf portals saw into leaf (37)
WARNING: Leaf portals saw into leaf (38)
WARNING: Leaf portals saw into leaf (39)
WARNING: Leaf portals saw into leaf (40)
WARNING: Leaf portals saw into leaf (41)
WARNING: Leaf portals saw into leaf (47)
WARNING: Leaf portals saw into leaf (48)
WARNING: Leaf portals saw into leaf (49)
WARNING: Leaf portals saw into leaf (50)
WARNING: Leaf portals saw into leaf (51)
WARNING: Leaf portals saw into leaf (52)
WARNING: Leaf portals saw into leaf (54)
WARNING: Leaf portals saw into leaf (55)
WARNING: Leaf portals saw into leaf (56)
WARNING: Leaf portals saw into leaf (57)
WARNING: Leaf portals saw into leaf (59)
WARNING: Leaf portals saw into leaf (60)
WARNING: Leaf portals saw into leaf (63)
WARNING: Leaf portals saw into leaf (65)
WARNING: Leaf portals saw into leaf (67)
WARNING: Leaf portals saw into leaf (68)
WARNING: Leaf portals saw into leaf (70)
WARNING: Leaf portals saw into leaf (71)
WARNING: Leaf portals saw into leaf (72)
WARNING: Leaf portals saw into leaf (74)
WARNING: Leaf portals saw into leaf (75)
WARNING: Leaf portals saw into leaf (76)
WARNING: Leaf portals saw into leaf (77)
WARNING: Leaf portals saw into leaf (79)
WARNING: Leaf portals saw into leaf (80)
WARNING: Leaf portals saw into leaf (81)
WARNING: Leaf portals saw into leaf (82)
WARNING: Leaf portals saw into leaf (83)
WARNING: Leaf portals saw into leaf (84)
WARNING: Leaf portals saw into leaf (85)
WARNING: Leaf portals saw into leaf (86)
WARNING: Leaf portals saw into leaf (87)
WARNING: Leaf portals saw into leaf (88)
WARNING: Leaf portals saw into leaf (90)
WARNING: Leaf portals saw into leaf (91)
WARNING: Leaf portals saw into leaf (96)
WARNING: Leaf portals saw into leaf (97)
WARNING: Leaf portals saw into leaf (98)
WARNING: Leaf portals saw into leaf (102)
WARNING: Leaf portals saw into leaf (103)
WARNING: Leaf portals saw into leaf (104)
WARNING: Leaf portals saw into leaf (105)
WARNING: Leaf portals saw into leaf (106)
WARNING: Leaf portals saw into leaf (108)
WARNING: Leaf portals saw into leaf (109)
WARNING: Leaf portals saw into leaf (110)
WARNING: Leaf portals saw into leaf (112)
WARNING: Leaf portals saw into leaf (114)
WARNING: Leaf portals saw into leaf (117)
WARNING: Leaf portals saw into leaf (118)
WARNING: Leaf portals saw into leaf (119)
WARNING: Leaf portals saw into leaf (120)
WARNING: Leaf portals saw into leaf (123)
WARNING: Leaf portals saw into leaf (125)
WARNING: Leaf portals saw into leaf (127)
WARNING: Leaf portals saw into leaf (128)
WARNING: Leaf portals saw into leaf (131)
WARNING: Leaf portals saw into leaf (132)
WARNING: Leaf portals saw into leaf (133)
WARNING: Leaf portals saw into leaf (135)
WARNING: Leaf portals saw into leaf (136)
WARNING: Leaf portals saw into leaf (137)
WARNING: Leaf portals saw into leaf (142)
WARNING: Leaf portals saw into leaf (145)
WARNING: Leaf portals saw into leaf (148)
WARNING: Leaf portals saw into leaf (154)
WARNING: Leaf portals saw into leaf (155)
WARNING: Leaf portals saw into leaf (156)
WARNING: Leaf portals saw into leaf (160)
WARNING: Leaf portals saw into leaf (161)
WARNING: Leaf portals saw into leaf (162)
WARNING: Leaf portals saw into leaf (163)
WARNING: Leaf portals saw into leaf (164)
WARNING: Leaf portals saw into leaf (165)
WARNING: Leaf portals saw into leaf (168)
WARNING: Leaf portals saw into leaf (178)
WARNING: Leaf portals saw into leaf (179)
WARNING: Leaf portals saw into leaf (183)
WARNING: Leaf portals saw into leaf (184)
WARNING: Leaf portals saw into leaf (185)
WARNING: Leaf portals saw into leaf (186)
WARNING: Leaf portals saw into leaf (189)
WARNING: Leaf portals saw into leaf (194)
WARNING: Leaf portals saw into leaf (195)
WARNING: Leaf portals saw into leaf (199)
WARNING: Leaf portals saw into leaf (202)
WARNING: Leaf portals saw into leaf (203)
WARNING: Leaf portals saw into leaf (206)
WARNING: Leaf portals saw into leaf (208)
WARNING: Leaf portals saw into leaf (209)
WARNING: Leaf portals saw into leaf (211)
WARNING: Leaf portals saw into leaf (212)
WARNING: Leaf portals saw into leaf (213)
WARNING: Leaf portals saw into leaf (214)
WARNING: Leaf portals saw into leaf (215)
WARNING: Leaf portals saw into leaf (216)
WARNING: Leaf portals saw into leaf (217)
WARNING: Leaf portals saw into leaf (218)
WARNING: Leaf portals saw into leaf (219)
WARNING: Leaf portals saw into leaf (220)
WARNING: Leaf portals saw into leaf (222)
WARNING: Leaf portals saw into leaf (223)
WARNING: Leaf portals saw into leaf (224)
WARNING: Leaf portals saw into leaf (225)
WARNING: Leaf portals saw into leaf (227)
WARNING: Leaf portals saw into leaf (228)
WARNING: Leaf portals saw into leaf (229)
WARNING: Leaf portals saw into leaf (230)
WARNING: Leaf portals saw into leaf (236)
WARNING: Leaf portals saw into leaf (237)
WARNING: Leaf portals saw into leaf (238)
WARNING: Leaf portals saw into leaf (239)
WARNING: Leaf portals saw into leaf (240)
WARNING: Leaf portals saw into leaf (241)
WARNING: Leaf portals saw into leaf (242)
WARNING: Leaf portals saw into leaf (243)
WARNING: Leaf portals saw into leaf (244)
WARNING: Leaf portals saw into leaf (246)
WARNING: Leaf portals saw into leaf (248)
WARNING: Leaf portals saw into leaf (250)
WARNING: Leaf portals saw into leaf (252)
WARNING: Leaf portals saw into leaf (253)
WARNING: Leaf portals saw into leaf (254)
WARNING: Leaf portals saw into leaf (255)
WARNING: Leaf portals saw into leaf (258)
WARNING: Leaf portals saw into leaf (259)
WARNING: Leaf portals saw into leaf (261)
WARNING: Leaf portals saw into leaf (262)
WARNING: Leaf portals saw into leaf (264)
WARNING: Leaf portals saw into leaf (265)
WARNING: Leaf portals saw into leaf (271)
WARNING: Leaf portals saw into leaf (272)
WARNING: Leaf portals saw into leaf (280)
WARNING: Leaf portals saw into leaf (281)
WARNING: Leaf portals saw into leaf (282)
WARNING: Leaf portals saw into leaf (283)
WARNING: Leaf portals saw into leaf (284)
WARNING: Leaf portals saw into leaf (285)
WARNING: Leaf portals saw into leaf (287)
WARNING: Leaf portals saw into leaf (289)
WARNING: Leaf portals saw into leaf (290)
WARNING: Leaf portals saw into leaf (291)
WARNING: Leaf portals saw into leaf (299)
WARNING: Leaf portals saw into leaf (300)
WARNING: Leaf portals saw into leaf (302)
WARNING: Leaf portals saw into leaf (303)
WARNING: Leaf portals saw into leaf (304)
WARNING: Leaf portals saw into leaf (306)
WARNING: Leaf portals saw into leaf (307)
WARNING: Leaf portals saw into leaf (308)
WARNING: Leaf portals saw into leaf (309)
WARNING: Leaf portals saw into leaf (311)
WARNING: Leaf portals saw into leaf (313)
WARNING: Leaf portals saw into leaf (315)
WARNING: Leaf portals saw into leaf (316)
WARNING: Leaf portals saw into leaf (317)
WARNING: Leaf portals saw into leaf (318)
WARNING: Leaf portals saw into leaf (320)
WARNING: Leaf portals saw into leaf (321)
WARNING: Leaf portals saw into leaf (322)
WARNING: Leaf portals saw into leaf (324)
WARNING: Leaf portals saw into leaf (325)
WARNING: Leaf portals saw into leaf (326)
WARNING: Leaf portals saw into leaf (327)
WARNING: Leaf portals saw into leaf (328)
WARNING: Leaf portals saw into leaf (329)
WARNING: Leaf portals saw into leaf (330)
WARNING: Leaf portals saw into leaf (331)
WARNING: Leaf portals saw into leaf (332)
WARNING: Leaf portals saw into leaf (333)
WARNING: Leaf portals saw into leaf (334)
WARNING: Leaf portals saw into leaf (335)
WARNING: Leaf portals saw into leaf (336)
WARNING: Leaf portals saw into leaf (337)
WARNING: Leaf portals saw into leaf (338)
WARNING: Leaf portals saw into leaf (339)
WARNING: Leaf portals saw into leaf (340)
WARNING: Leaf portals saw into leaf (341)
WARNING: Leaf portals saw into leaf (342)
WARNING: Leaf portals saw into leaf (343)
WARNING: Leaf portals saw into leaf (344)
WARNING: Leaf portals saw into leaf (345)
WARNING: Leaf portals saw into leaf (346)
WARNING: Leaf portals saw into leaf (347)
WARNING: Leaf portals saw into leaf (348)
WARNING: Leaf portals saw into leaf (350)
WARNING: Leaf portals saw into leaf (351)
WARNING: Leaf portals saw into leaf (352)
WARNING: Leaf portals saw into leaf (353)
WARNING: Leaf portals saw into leaf (354)
WARNING: Leaf portals saw into leaf (355)
WARNING: Leaf portals saw into leaf (356)
WARNING: Leaf portals saw into leaf (363)
WARNING: Leaf portals saw into leaf (364)
WARNING: Leaf portals saw into leaf (365)
WARNING: Leaf portals saw into leaf (366)
WARNING: Leaf portals saw into leaf (367)
WARNING: Leaf portals saw into leaf (368)
WARNING: Leaf portals saw into leaf (370)
WARNING: Leaf portals saw into leaf (371)
WARNING: Leaf portals saw into leaf (372)
WARNING: Leaf portals saw into leaf (374)
WARNING: Leaf portals saw into leaf (375)
WARNING: Leaf portals saw into leaf (376)
WARNING: Leaf portals saw into leaf (377)
WARNING: Leaf portals saw into leaf (378)
WARNING: Leaf portals saw into leaf (379)
WARNING: Leaf portals saw into leaf (380)
WARNING: Leaf portals saw into leaf (384)
WARNING: Leaf portals saw into leaf (386)
WARNING: Leaf portals saw into leaf (387)
WARNING: Leaf portals saw into leaf (388)
WARNING: Leaf portals saw into leaf (389)
WARNING: Leaf portals saw into leaf (392)
WARNING: Leaf portals saw into leaf (393)
WARNING: Leaf portals saw into leaf (395)
WARNING: Leaf portals saw into leaf (397)
WARNING: Leaf portals saw into leaf (398)
WARNING: Leaf portals saw into leaf (399)
WARNING: Leaf portals saw into leaf (400)
WARNING: Leaf portals saw into leaf (402)
WARNING: Leaf portals saw into leaf (403)
WARNING: Leaf portals saw into leaf (405)
WARNING: Leaf portals saw into leaf (406)
WARNING: Leaf portals saw into leaf (408)
WARNING: Leaf portals saw into leaf (409)
WARNING: Leaf portals saw into leaf (410)
WARNING: Leaf portals saw into leaf (412)
WARNING: Leaf portals saw into leaf (414)
WARNING: Leaf portals saw into leaf (417)
WARNING: Leaf portals saw into leaf (419)
WARNING: Leaf portals saw into leaf (420)
WARNING: Leaf portals saw into leaf (421)
WARNING: Leaf portals saw into leaf (422)
WARNING: Leaf portals saw into leaf (424)
WARNING: Leaf portals saw into leaf (425)
WARNING: Leaf portals saw into leaf (426)
WARNING: Leaf portals saw into leaf (432)
WARNING: Leaf portals saw into leaf (435)
WARNING: Leaf portals saw into leaf (436)
WARNING: Leaf portals saw into leaf (437)
WARNING: Leaf portals saw into leaf (438)
WARNING: Leaf portals saw into leaf (441)
WARNING: Leaf portals saw into leaf (447)
WARNING: Leaf portals saw into leaf (448)
WARNING: Leaf portals saw into leaf (450)
WARNING: Leaf portals saw into leaf (451)
WARNING: Leaf portals saw into leaf (452)
WARNING: Leaf portals saw into leaf (455)
WARNING: Leaf portals saw into leaf (458)
WARNING: Leaf portals saw into leaf (463)
WARNING: Leaf portals saw into leaf (464)
WARNING: Leaf portals saw into leaf (466)
WARNING: Leaf portals saw into leaf (469)
WARNING: Leaf portals saw into leaf (470)
WARNING: Leaf portals saw into leaf (471)
WARNING: Leaf portals saw into leaf (473)
WARNING: Leaf portals saw into leaf (474)
WARNING: Leaf portals saw into leaf (477)
WARNING: Leaf portals saw into leaf (478)
WARNING: Leaf portals saw into leaf (479)
WARNING: Leaf portals saw into leaf (480)
WARNING: Leaf portals saw into leaf (481)
WARNING: Leaf portals saw into leaf (482)
WARNING: Leaf portals saw into leaf (485)
WARNING: Leaf portals saw into leaf (486)
WARNING: Leaf portals saw into leaf (489)
WARNING: Leaf portals saw into leaf (490)
WARNING: Leaf portals saw into leaf (491)
WARNING: Leaf portals saw into leaf (493)
WARNING: Leaf portals saw into leaf (494)
WARNING: Leaf portals saw into leaf (497)
WARNING: Leaf portals saw into leaf (498)
WARNING: Leaf portals saw into leaf (501)
WARNING: Leaf portals saw into leaf (502)
WARNING: Leaf portals saw into leaf (503)
WARNING: Leaf portals saw into leaf (504)
WARNING: Leaf portals saw into leaf (506)
WARNING: Leaf portals saw into leaf (507)
WARNING: Leaf portals saw into leaf (508)
WARNING: Leaf portals saw into leaf (509)
WARNING: Leaf portals saw into leaf (513)
WARNING: Leaf portals saw into leaf (515)
WARNING: Leaf portals saw into leaf (516)
WARNING: Leaf portals saw into leaf (517)
WARNING: Leaf portals saw into leaf (518)
WARNING: Leaf portals saw into leaf (519)
WARNING: Leaf portals saw into leaf (521)
WARNING: Leaf portals saw into leaf (523)
WARNING: Leaf portals saw into leaf (525)
WARNING: Leaf portals saw into leaf (530)
WARNING: Leaf portals saw into leaf (531)
WARNING: Leaf portals saw into leaf (532)
WARNING: Leaf portals saw into leaf (535)
WARNING: Leaf portals saw into leaf (536)
WARNING: Leaf portals saw into leaf (537)
WARNING: Leaf portals saw into leaf (539)
WARNING: Leaf portals saw into leaf (540)
WARNING: Leaf portals saw into leaf (542)
WARNING: Leaf portals saw into leaf (543)
WARNING: Leaf portals saw into leaf (546)
WARNING: Leaf portals saw into leaf (547)
WARNING: Leaf portals saw into leaf (548)
WARNING: Leaf portals saw into leaf (549)
WARNING: Leaf portals saw into leaf (551)
WARNING: Leaf portals saw into leaf (552)
WARNING: Leaf portals saw into leaf (556)
WARNING: Leaf portals saw into leaf (558)
WARNING: Leaf portals saw into leaf (559)
WARNING: Leaf portals saw into leaf (560)
WARNING: Leaf portals saw into leaf (561)
WARNING: Leaf portals saw into leaf (562)
WARNING: Leaf portals saw into leaf (565)
WARNING: Leaf portals saw into leaf (566)
WARNING: Leaf portals saw into leaf (567)
WARNING: Leaf portals saw into leaf (568)
WARNING: Leaf portals saw into leaf (570)
WARNING: Leaf portals saw into leaf (571)
WARNING: Leaf portals saw into leaf (575)
WARNING: Leaf portals saw into leaf (576)
WARNING: Leaf portals saw into leaf (577)
WARNING: Leaf portals saw into leaf (579)
WARNING: Leaf portals saw into leaf (580)
WARNING: Leaf portals saw into leaf (581)
WARNING: Leaf portals saw into leaf (582)
WARNING: Leaf portals saw into leaf (583)
WARNING: Leaf portals saw into leaf (585)
WARNING: Leaf portals saw into leaf (586)
WARNING: Leaf portals saw into leaf (587)
WARNING: Leaf portals saw into leaf (588)
WARNING: Leaf portals saw into leaf (589)
WARNING: Leaf portals saw into leaf (590)
WARNING: Leaf portals saw into leaf (593)
WARNING: Leaf portals saw into leaf (594)
WARNING: Leaf portals saw into leaf (595)
WARNING: Leaf portals saw into leaf (598)
WARNING: Leaf portals saw into leaf (599)
WARNING: Leaf portals saw into leaf (600)
WARNING: Leaf portals saw into leaf (602)
WARNING: Leaf portals saw into leaf (604)
WARNING: Leaf portals saw into leaf (605)
WARNING: Leaf portals saw into leaf (606)
WARNING: Leaf portals saw into leaf (607)
WARNING: Leaf portals saw into leaf (609)
WARNING: Leaf portals saw into leaf (613)
WARNING: Leaf portals saw into leaf (615)
WARNING: Leaf portals saw into leaf (616)
WARNING: Leaf portals saw into leaf (618)
WARNING: Leaf portals saw into leaf (622)
WARNING: Leaf portals saw into leaf (623)
WARNING: Leaf portals saw into leaf (624)
WARNING: Leaf portals saw into leaf (625)
WARNING: Leaf portals saw into leaf (626)
WARNING: Leaf portals saw into leaf (627)
WARNING: Leaf portals saw into leaf (628)
WARNING: Leaf portals saw into leaf (629)
WARNING: Leaf portals saw into leaf (632)
WARNING: Leaf portals saw into leaf (634)
average leafs visible: 190
c_noclip: 0
c_chains: 9254698
visdatasize:39583  compressed from 50800
Writing testWildebrook.bsp as BSP version 29
  7.7 seconds elapsed
